<?xml version="1.0" encoding="UTF-8"?>
<!-- Generated by org.testng.reporters.JUnitReportReporter -->
<testsuite hostname="BDC4-D-6H3LXH2" name="com.test.demo1_TestNG" tests="2" failures="0" timestamp="10 Feb 2020 07:00:32 GMT" time="0.008" errors="0">
  <testcase name="afterMethod" time="0.002" classname="com.test.demo1_TestNG"/>
  <testcase name="f" time="0.006" classname="com.test.demo1_TestNG"/>
</testsuite> <!-- com.test.demo1_TestNG -->
