<?xml version="1.0" encoding="UTF-8"?>
<!-- Generated by org.testng.reporters.JUnitReportReporter -->
<testsuite hostname="BDC4-D-6H3LXH2" name="com.test.demo5" tests="1" failures="0" timestamp="10 Feb 2020 07:47:43 GMT" time="18.118" errors="0">
  <testcase name="f" time="18.118" classname="com.test.demo5"/>
</testsuite> <!-- com.test.demo5 -->
